Build Linux	Create AppImage	﻿2026-01-14T22:46:35.3284428Z ##[group]Run # Install appimagetool
Build Linux	Create AppImage	2026-01-14T22:46:35.3284741Z [36;1m# Install appimagetool[0m
Build Linux	Create AppImage	2026-01-14T22:46:35.3285263Z [36;1mwget -q https://github.com/AppImage/AppImageKit/releases/download/continuous/appimagetool-x86_64.AppImage[0m
Build Linux	Create AppImage	2026-01-14T22:46:35.3285803Z [36;1mchmod +x appimagetool-x86_64.AppImage[0m
Build Linux	Create AppImage	2026-01-14T22:46:35.3286055Z [36;1m[0m
Build Linux	Create AppImage	2026-01-14T22:46:35.3286220Z [36;1m# Create AppDir[0m
Build Linux	Create AppImage	2026-01-14T22:46:35.3286437Z [36;1mmkdir -p AppDir/usr/bin[0m
Build Linux	Create AppImage	2026-01-14T22:46:35.3286870Z [36;1mmkdir -p AppDir/usr/share/applications[0m
Build Linux	Create AppImage	2026-01-14T22:46:35.3287212Z [36;1mmkdir -p AppDir/usr/share/icons/hicolor/256x256/apps[0m
Build Linux	Create AppImage	2026-01-14T22:46:35.3287503Z [36;1m[0m
Build Linux	Create AppImage	2026-01-14T22:46:35.3287658Z [36;1m# Copy files[0m
Build Linux	Create AppImage	2026-01-14T22:46:35.3287925Z [36;1mcp publish/linux-x64/ShieldPrompt AppDir/usr/bin/[0m
Build Linux	Create AppImage	2026-01-14T22:46:35.3288349Z [36;1mcp installers/linux/shieldprompt.desktop AppDir/usr/share/applications/[0m
Build Linux	Create AppImage	2026-01-14T22:46:35.3288912Z [36;1mcp installers/linux/icon.png AppDir/usr/share/icons/hicolor/256x256/apps/shieldprompt.png[0m
Build Linux	Create AppImage	2026-01-14T22:46:35.3289392Z [36;1mcp installers/linux/AppRun AppDir/[0m
Build Linux	Create AppImage	2026-01-14T22:46:35.3289651Z [36;1mchmod +x AppDir/AppRun[0m
Build Linux	Create AppImage	2026-01-14T22:46:35.3289896Z [36;1mchmod +x AppDir/usr/bin/ShieldPrompt[0m
Build Linux	Create AppImage	2026-01-14T22:46:35.3290141Z [36;1m[0m
Build Linux	Create AppImage	2026-01-14T22:46:35.3290295Z [36;1m# Build[0m
Build Linux	Create AppImage	2026-01-14T22:46:35.3290527Z [36;1mARCH=x86_64 ./appimagetool-x86_64.AppImage AppDir \[0m
Build Linux	Create AppImage	2026-01-14T22:46:35.3290884Z [36;1m  publish/ShieldPrompt-1.0.1-linux-x64.AppImage[0m
Build Linux	Create AppImage	2026-01-14T22:46:35.3322399Z shell: /usr/bin/bash -e {0}
Build Linux	Create AppImage	2026-01-14T22:46:35.3322627Z env:
Build Linux	Create AppImage	2026-01-14T22:46:35.3322799Z   DOTNET_VERSION: 10.0.x
Build Linux	Create AppImage	2026-01-14T22:46:35.3323017Z   DOTNET_ROOT: /usr/share/dotnet
Build Linux	Create AppImage	2026-01-14T22:46:35.3323250Z ##[endgroup]
Build Linux	Create AppImage	2026-01-14T22:46:36.0240060Z dlopen(): error loading libfuse.so.2
Build Linux	Create AppImage	2026-01-14T22:46:36.0240510Z 
Build Linux	Create AppImage	2026-01-14T22:46:36.0245933Z AppImages require FUSE to run. 
Build Linux	Create AppImage	2026-01-14T22:46:36.0247064Z You might still be able to extract the contents of this AppImage 
Build Linux	Create AppImage	2026-01-14T22:46:36.0248922Z if you run it with the --appimage-extract option. 
Build Linux	Create AppImage	2026-01-14T22:46:36.0251079Z See https://github.com/AppImage/AppImageKit/wiki/FUSE 
Build Linux	Create AppImage	2026-01-14T22:46:36.0251663Z for more information
Build Linux	Create AppImage	2026-01-14T22:46:36.0255789Z ##[error]Process completed with exit code 1.
